{"level":"debug","time":"2021-12-17T20:37:40.543+0530","caller":"cmd/lt.go:95","msg":"File descriptor limit 10240"}
{"level":"info","time":"2021-12-17T20:37:40.545+0530","caller":"cobra/command.go:854","msg":"LambdaTest Tunnel version: 3.1.18"}
{"level":"debug","time":"2021-12-17T20:37:40.546+0530","caller":"cmd/lt.go:182","msg":"Starting pipeline....."}
{"level":"debug","time":"2021-12-17T20:37:40.546+0530","caller":"cmd/lt.go:182","msg":"OS: darwin, Arch: amd64"}
{"level":"debug","time":"2021-12-17T20:37:40.546+0530","caller":"cmd/lt.go:182","msg":"Fetching config"}
{"level":"warn","time":"2021-12-17T20:37:40.547+0530","caller":"core/lifecycle.go:47","msg":"Tunnel Name was not specified, using: a1145fe8-cd99-4531-89a5-946b390d21d6"}
{"level":"debug","time":"2021-12-17T20:37:40.548+0530","caller":"runtime/asm_amd64.s:1373","msg":"Starting tunnel With flags: --user mudassars --key ***** --infoAPIPort 50691"}
{"level":"debug","time":"2021-12-17T20:37:41.175+0530","caller":"cmd/lt.go:182","msg":"Remote config fetched"}
{"level":"debug","time":"2021-12-17T20:37:41.566+0530","caller":"core/lifecycle.go:152","msg":"Starting API server"}
{"level":"debug","time":"2021-12-17T20:37:41.566+0530","caller":"core/lifecycle.go:138","msg":"Starting sink proxy"}
{"level":"debug","time":"2021-12-17T20:37:41.566+0530","caller":"apiserver/setup.go:173","msg":"Starting API server for tunnel info on port: 50691"}
{"level":"debug","time":"2021-12-17T20:37:41.566+0530","caller":"runtime/asm_amd64.s:1373","msg":"Trying on port 22"}
{"level":"debug","time":"2021-12-17T20:37:41.566+0530","caller":"runtime/asm_amd64.s:1373","msg":"Trying on port 443"}
{"level":"debug","time":"2021-12-17T20:37:41.566+0530","caller":"runtime/asm_amd64.s:1373","msg":"Trying over ssh over ws"}
{"level":"info","time":"2021-12-17T20:37:41.567+0530","caller":"custom/setup.go:677","msg":"Tunnel binary started on port :9090"}
{"level":"debug","time":"2021-12-17T20:37:41.587+0530","caller":"runtime/asm_amd64.s:1373","msg":"WSS connection was successful"}
{"level":"debug","time":"2021-12-17T20:37:41.806+0530","caller":"runtime/asm_amd64.s:1373","msg":"SSH connection over port 22 successful"}
{"level":"debug","time":"2021-12-17T20:37:41.844+0530","caller":"runtime/asm_amd64.s:1373","msg":"SSH connection over port 443 successful"}
{"level":"debug","time":"2021-12-17T20:37:41.861+0530","caller":"runtime/asm_amd64.s:1373","msg":"SSH connection over ws successful"}
{"level":"info","time":"2021-12-17T20:37:41.861+0530","caller":"core/lifecycle.go:115","msg":"Using ssh(over_22) :: connection mode"}
{"level":"info","time":"2021-12-17T20:37:41.861+0530","caller":"cmd/lt.go:182","msg":"Launching tunnel"}
{"level":"debug","time":"2021-12-17T20:37:41.862+0530","caller":"core/lifecycle.go:233","msg":"Starting control ws connection at wss://ts.lambdatest.com/monitor"}
{"level":"debug","time":"2021-12-17T20:37:42.245+0530","caller":"core/lifecycle.go:233","msg":"Control ws channel opened"}
{"level":"debug","time":"2021-12-17T20:37:42.245+0530","caller":"runtime/asm_amd64.s:1373","msg":"Starting message listener on control connection"}
{"level":"debug","time":"2021-12-17T20:37:44.039+0530","caller":"core/lifecycle.go:283","msg":"Using 5 ssh connection"}
{"level":"debug","time":"2021-12-17T20:37:44.039+0530","caller":"runtime/asm_amd64.s:1373","msg":"Sending tunnel registered message to channels"}
{"level":"debug","time":"2021-12-17T20:37:44.039+0530","caller":"runtime/asm_amd64.s:1373","msg":"Tunnel registered message received on control channel"}
{"level":"debug","time":"2021-12-17T20:37:44.039+0530","caller":"runtime/asm_amd64.s:1373","msg":"controller bus registered"}
{"level":"debug","time":"2021-12-17T20:37:44.322+0530","caller":"runtime/asm_amd64.s:1373","msg":"Successfully started sshd listener on port: 8756"}
{"level":"debug","time":"2021-12-17T20:37:44.332+0530","caller":"runtime/asm_amd64.s:1373","msg":"Successfully started sshd listener on port: 20307"}
{"level":"info","time":"2021-12-17T20:37:44.332+0530","caller":"runtime/asm_amd64.s:1373","msg":"You can start testing now"}
{"level":"info","time":"2021-12-17T20:37:44.332+0530","caller":"runtime/asm_amd64.s:1373","msg":"Tunnel ID: 886134"}
{"level":"debug","time":"2021-12-17T20:37:44.332+0530","caller":"runtime/asm_amd64.s:1373","msg":"Remote Listener Started on Port 25330"}
{"level":"debug","time":"2021-12-17T20:37:44.343+0530","caller":"runtime/asm_amd64.s:1373","msg":"Successfully started sshd listener on port: 28266"}
{"level":"debug","time":"2021-12-17T20:37:44.348+0530","caller":"runtime/asm_amd64.s:1373","msg":"Successfully started sshd listener on port: 6236"}
{"level":"debug","time":"2021-12-17T20:37:44.402+0530","caller":"runtime/asm_amd64.s:1373","msg":"Successfully started sshd listener on port: 31036"}
{"level":"debug","time":"2021-12-17T20:38:49.905+0530","caller":"cmd/lt.go:182","msg":"Context cancelled"}
{"level":"info","time":"2021-12-17T20:38:49.905+0530","caller":"cmd/lt.go:182","msg":"Stopping tunnel"}
{"level":"debug","time":"2021-12-17T20:38:49.905+0530","caller":"custom/setup.go:677","msg":"Exiting the sink proxy"}
{"level":"debug","time":"2021-12-17T20:38:49.905+0530","caller":"runtime/asm_amd64.s:1373","msg":"Shutting down the server"}
{"level":"debug","time":"2021-12-17T20:38:49.906+0530","caller":"runtime/asm_amd64.s:1373","msg":"Unusual close error on control channel..."}
{"level":"debug","time":"2021-12-17T20:38:49.906+0530","caller":"runtime/asm_amd64.s:1373","msg":"Write loop ended for control channel"}
{"level":"debug","time":"2021-12-17T20:38:50.502+0530","caller":"runtime/asm_amd64.s:1373","msg":"Remote connection on remote port: 20307 closed, reason: EOF"}
{"level":"debug","time":"2021-12-17T20:38:50.502+0530","caller":"runtime/asm_amd64.s:1373","msg":"Remote connection on remote port: 8756 closed, reason: EOF"}
{"level":"debug","time":"2021-12-17T20:38:50.502+0530","caller":"runtime/asm_amd64.s:1373","msg":"Remote connection on remote port: 31036 closed, reason: EOF"}
{"level":"debug","time":"2021-12-17T20:38:50.502+0530","caller":"runtime/asm_amd64.s:1373","msg":"Remote connection on remote port: 28266 closed, reason: EOF"}
{"level":"debug","time":"2021-12-17T20:38:50.502+0530","caller":"runtime/asm_amd64.s:1373","msg":"Remote connection on remote port: 6236 closed, reason: EOF"}
{"level":"debug","time":"2021-12-17T20:38:50.503+0530","caller":"runtime/asm_amd64.s:1373","msg":"closed ssh connection with port 6236"}
{"level":"debug","time":"2021-12-17T20:38:50.502+0530","caller":"runtime/asm_amd64.s:1373","msg":"closed ssh connection with port 20307"}
{"level":"debug","time":"2021-12-17T20:38:50.502+0530","caller":"runtime/asm_amd64.s:1373","msg":"closed ssh connection with port 8756"}
{"level":"debug","time":"2021-12-17T20:38:50.502+0530","caller":"runtime/asm_amd64.s:1373","msg":"closed ssh connection with port 31036"}
{"level":"debug","time":"2021-12-17T20:38:50.502+0530","caller":"runtime/asm_amd64.s:1373","msg":"closed ssh connection with port 28266"}
{"level":"info","time":"2021-12-17T20:38:50.683+0530","caller":"cmd/lt.go:182","msg":"Tunnel stopped successfully"}
{"level":"debug","time":"2021-12-17T20:38:50.683+0530","caller":"cmd/lt.go:182","msg":"Quit requested from main goroutine...."}
{"level":"debug","time":"2021-12-17T20:38:50.683+0530","caller":"cmd/lt.go:182","msg":"Waiting for the goroutines to exit"}
{"level":"debug","time":"2021-12-17T20:38:50.683+0530","caller":"cmd/lt.go:182","msg":"All goroutines exited"}
{"level":"debug","time":"2021-12-17T20:38:50.683+0530","caller":"runtime/asm_amd64.s:1373","msg":"main: all goroutines have finished."}
{"level":"debug","time":"2021-12-17T21:20:37.856+0530","caller":"cmd/lt.go:95","msg":"File descriptor limit 10240"}
{"level":"info","time":"2021-12-17T21:20:37.858+0530","caller":"cobra/command.go:854","msg":"LambdaTest Tunnel version: 3.1.18"}
{"level":"debug","time":"2021-12-17T21:20:37.859+0530","caller":"cmd/lt.go:182","msg":"Starting pipeline....."}
{"level":"debug","time":"2021-12-17T21:20:37.860+0530","caller":"cmd/lt.go:182","msg":"OS: darwin, Arch: amd64"}
{"level":"debug","time":"2021-12-17T21:20:37.860+0530","caller":"cmd/lt.go:182","msg":"Fetching config"}
{"level":"warn","time":"2021-12-17T21:20:37.860+0530","caller":"core/lifecycle.go:47","msg":"Tunnel Name was not specified, using: ed9492f6-7c96-4165-9d9f-60ef6f2aa8d2"}
{"level":"debug","time":"2021-12-17T21:20:37.861+0530","caller":"runtime/asm_amd64.s:1373","msg":"Starting tunnel With flags: --user mudassars --key ***** --infoAPIPort 50855"}
{"level":"debug","time":"2021-12-17T21:20:38.821+0530","caller":"cmd/lt.go:182","msg":"Remote config fetched"}
{"level":"debug","time":"2021-12-17T21:20:38.895+0530","caller":"core/lifecycle.go:152","msg":"Starting API server"}
{"level":"debug","time":"2021-12-17T21:20:38.895+0530","caller":"apiserver/setup.go:173","msg":"Starting API server for tunnel info on port: 50855"}
{"level":"debug","time":"2021-12-17T21:20:38.895+0530","caller":"runtime/asm_amd64.s:1373","msg":"Trying on port 22"}
{"level":"debug","time":"2021-12-17T21:20:38.895+0530","caller":"core/lifecycle.go:138","msg":"Starting sink proxy"}
{"level":"debug","time":"2021-12-17T21:20:38.895+0530","caller":"runtime/asm_amd64.s:1373","msg":"Trying over ssh over ws"}
{"level":"debug","time":"2021-12-17T21:20:38.895+0530","caller":"runtime/asm_amd64.s:1373","msg":"Trying on port 443"}
{"level":"info","time":"2021-12-17T21:20:38.897+0530","caller":"custom/setup.go:677","msg":"Tunnel binary started on port :9090"}
{"level":"debug","time":"2021-12-17T21:20:38.932+0530","caller":"runtime/asm_amd64.s:1373","msg":"WSS connection was successful"}
{"level":"debug","time":"2021-12-17T21:20:39.147+0530","caller":"runtime/asm_amd64.s:1373","msg":"SSH connection over port 22 successful"}
{"level":"debug","time":"2021-12-17T21:20:39.179+0530","caller":"runtime/asm_amd64.s:1373","msg":"SSH connection over ws successful"}
{"level":"debug","time":"2021-12-17T21:20:39.570+0530","caller":"runtime/asm_amd64.s:1373","msg":"SSH connection over port 443 successful"}
{"level":"info","time":"2021-12-17T21:20:39.570+0530","caller":"core/lifecycle.go:115","msg":"Using ssh(over_22) :: connection mode"}
{"level":"info","time":"2021-12-17T21:20:39.570+0530","caller":"cmd/lt.go:182","msg":"Launching tunnel"}
{"level":"debug","time":"2021-12-17T21:20:39.571+0530","caller":"core/lifecycle.go:233","msg":"Starting control ws connection at wss://ts.lambdatest.com/monitor"}
{"level":"debug","time":"2021-12-17T21:20:40.229+0530","caller":"core/lifecycle.go:233","msg":"Control ws channel opened"}
{"level":"debug","time":"2021-12-17T21:20:40.229+0530","caller":"runtime/asm_amd64.s:1373","msg":"Starting message listener on control connection"}
{"level":"debug","time":"2021-12-17T21:20:41.730+0530","caller":"core/lifecycle.go:283","msg":"Using 5 ssh connection"}
{"level":"debug","time":"2021-12-17T21:20:41.730+0530","caller":"runtime/asm_amd64.s:1373","msg":"Tunnel registered message received on control channel"}
{"level":"debug","time":"2021-12-17T21:20:41.730+0530","caller":"runtime/asm_amd64.s:1373","msg":"Sending tunnel registered message to channels"}
{"level":"debug","time":"2021-12-17T21:20:41.730+0530","caller":"runtime/asm_amd64.s:1373","msg":"controller bus registered"}
{"level":"debug","time":"2021-12-17T21:20:42.010+0530","caller":"runtime/asm_amd64.s:1373","msg":"Successfully started sshd listener on port: 21783"}
{"level":"debug","time":"2021-12-17T21:20:42.012+0530","caller":"runtime/asm_amd64.s:1373","msg":"Successfully started sshd listener on port: 4055"}
{"level":"info","time":"2021-12-17T21:20:42.012+0530","caller":"runtime/asm_amd64.s:1373","msg":"You can start testing now"}
{"level":"info","time":"2021-12-17T21:20:42.012+0530","caller":"runtime/asm_amd64.s:1373","msg":"Tunnel ID: 886217"}
{"level":"debug","time":"2021-12-17T21:20:42.012+0530","caller":"runtime/asm_amd64.s:1373","msg":"Remote Listener Started on Port 9248"}
{"level":"debug","time":"2021-12-17T21:20:42.019+0530","caller":"runtime/asm_amd64.s:1373","msg":"Successfully started sshd listener on port: 24392"}
{"level":"debug","time":"2021-12-17T21:20:42.042+0530","caller":"runtime/asm_amd64.s:1373","msg":"Successfully started sshd listener on port: 27082"}
{"level":"debug","time":"2021-12-17T21:20:42.062+0530","caller":"runtime/asm_amd64.s:1373","msg":"Successfully started sshd listener on port: 29619"}
{"level":"debug","time":"2021-12-17T22:09:52.396+0530","caller":"runtime/asm_amd64.s:1373","msg":"Remote connection on remote port: 21783 closed, reason: EOF"}
{"level":"debug","time":"2021-12-17T22:09:52.401+0530","caller":"runtime/asm_amd64.s:1373","msg":"Remote connection on remote port: 29619 closed, reason: EOF"}
{"level":"debug","time":"2021-12-17T22:09:52.402+0530","caller":"runtime/asm_amd64.s:1373","msg":"Remote connection on remote port: 24392 closed, reason: EOF"}
{"level":"debug","time":"2021-12-17T22:09:52.402+0530","caller":"runtime/asm_amd64.s:1373","msg":"Remote connection on remote port: 27082 closed, reason: EOF"}
{"level":"debug","time":"2021-12-17T22:09:52.402+0530","caller":"runtime/asm_amd64.s:1373","msg":"Remote connection on remote port: 4055 closed, reason: EOF"}
{"level":"debug","time":"2021-12-17T22:09:53.207+0530","caller":"runtime/asm_amd64.s:1373","msg":"Successfully reconnected remote listener on port: 24392"}
{"level":"debug","time":"2021-12-17T22:09:53.212+0530","caller":"runtime/asm_amd64.s:1373","msg":"Unusual close error on control channel..."}
{"level":"debug","time":"2021-12-17T22:09:53.212+0530","caller":"runtime/asm_amd64.s:1373","msg":"Write loop ended for control channel"}
{"level":"debug","time":"2021-12-18T05:54:55.271+0530","caller":"cmd/lt.go:95","msg":"File descriptor limit 10240"}
{"level":"info","time":"2021-12-18T05:54:55.272+0530","caller":"cobra/command.go:854","msg":"LambdaTest Tunnel version: 3.1.18"}
{"level":"debug","time":"2021-12-18T05:54:55.274+0530","caller":"cmd/lt.go:182","msg":"Starting pipeline....."}
{"level":"debug","time":"2021-12-18T05:54:55.275+0530","caller":"cmd/lt.go:182","msg":"OS: darwin, Arch: amd64"}
{"level":"debug","time":"2021-12-18T05:54:55.275+0530","caller":"cmd/lt.go:182","msg":"Fetching config"}
{"level":"warn","time":"2021-12-18T05:54:55.275+0530","caller":"core/lifecycle.go:47","msg":"Tunnel Name was not specified, using: 47b3b9f5-a9e9-4b77-922a-b448e37bb5c6"}
{"level":"debug","time":"2021-12-18T05:54:55.275+0530","caller":"runtime/asm_amd64.s:1373","msg":"Starting tunnel With flags: --user mudassars --key ***** --infoAPIPort 53386"}
{"level":"debug","time":"2021-12-18T05:54:55.929+0530","caller":"cmd/lt.go:182","msg":"Remote config fetched"}
{"level":"debug","time":"2021-12-18T05:54:56.054+0530","caller":"core/lifecycle.go:152","msg":"Starting API server"}
{"level":"debug","time":"2021-12-18T05:54:56.054+0530","caller":"apiserver/setup.go:173","msg":"Starting API server for tunnel info on port: 53386"}
{"level":"debug","time":"2021-12-18T05:54:56.054+0530","caller":"runtime/asm_amd64.s:1373","msg":"Trying on port 22"}
{"level":"debug","time":"2021-12-18T05:54:56.054+0530","caller":"core/lifecycle.go:138","msg":"Starting sink proxy"}
{"level":"debug","time":"2021-12-18T05:54:56.054+0530","caller":"runtime/asm_amd64.s:1373","msg":"Trying on port 443"}
{"level":"debug","time":"2021-12-18T05:54:56.054+0530","caller":"runtime/asm_amd64.s:1373","msg":"Trying over ssh over ws"}
{"level":"info","time":"2021-12-18T05:54:56.055+0530","caller":"custom/setup.go:677","msg":"Tunnel binary started on port :9090"}
{"level":"debug","time":"2021-12-18T05:54:56.080+0530","caller":"runtime/asm_amd64.s:1373","msg":"WSS connection was successful"}
{"level":"debug","time":"2021-12-18T05:54:56.326+0530","caller":"runtime/asm_amd64.s:1373","msg":"SSH connection over port 22 successful"}
{"level":"debug","time":"2021-12-18T05:54:56.342+0530","caller":"runtime/asm_amd64.s:1373","msg":"SSH connection over ws successful"}
{"level":"debug","time":"2021-12-18T05:54:56.350+0530","caller":"runtime/asm_amd64.s:1373","msg":"SSH connection over port 443 successful"}
{"level":"info","time":"2021-12-18T05:54:56.350+0530","caller":"core/lifecycle.go:115","msg":"Using ssh(over_22) :: connection mode"}
{"level":"info","time":"2021-12-18T05:54:56.350+0530","caller":"cmd/lt.go:182","msg":"Launching tunnel"}
{"level":"debug","time":"2021-12-18T05:54:56.350+0530","caller":"core/lifecycle.go:233","msg":"Starting control ws connection at wss://ts.lambdatest.com/monitor"}
{"level":"debug","time":"2021-12-18T05:54:57.015+0530","caller":"core/lifecycle.go:233","msg":"Control ws channel opened"}
{"level":"debug","time":"2021-12-18T05:54:57.016+0530","caller":"runtime/asm_amd64.s:1373","msg":"Starting message listener on control connection"}
{"level":"debug","time":"2021-12-18T05:54:58.591+0530","caller":"core/lifecycle.go:283","msg":"Using 5 ssh connection"}
{"level":"debug","time":"2021-12-18T05:54:58.591+0530","caller":"runtime/asm_amd64.s:1373","msg":"Sending tunnel registered message to channels"}
{"level":"debug","time":"2021-12-18T05:54:58.591+0530","caller":"runtime/asm_amd64.s:1373","msg":"Tunnel registered message received on control channel"}
{"level":"debug","time":"2021-12-18T05:54:58.591+0530","caller":"runtime/asm_amd64.s:1373","msg":"controller bus registered"}
{"level":"debug","time":"2021-12-18T05:54:58.901+0530","caller":"runtime/asm_amd64.s:1373","msg":"Successfully started sshd listener on port: 4453"}
{"level":"debug","time":"2021-12-18T05:54:58.901+0530","caller":"runtime/asm_amd64.s:1373","msg":"Successfully started sshd listener on port: 8187"}
{"level":"debug","time":"2021-12-18T05:54:58.901+0530","caller":"runtime/asm_amd64.s:1373","msg":"Successfully started sshd listener on port: 3446"}
{"level":"info","time":"2021-12-18T05:54:58.901+0530","caller":"runtime/asm_amd64.s:1373","msg":"You can start testing now"}
{"level":"info","time":"2021-12-18T05:54:58.901+0530","caller":"runtime/asm_amd64.s:1373","msg":"Tunnel ID: 886729"}
{"level":"debug","time":"2021-12-18T05:54:58.901+0530","caller":"runtime/asm_amd64.s:1373","msg":"Successfully started sshd listener on port: 27707"}
{"level":"debug","time":"2021-12-18T05:54:58.902+0530","caller":"runtime/asm_amd64.s:1373","msg":"Remote Listener Started on Port 11229"}
{"level":"debug","time":"2021-12-18T05:54:58.929+0530","caller":"runtime/asm_amd64.s:1373","msg":"Successfully started sshd listener on port: 20729"}
